
8월 24, 2023 16:43:02.592 NEW SESSION
8월 24, 2023 16:43:02.592 INFO: Created TensorFlow Lite XNNPACK delegate for CPU.
8월 24, 2023 16:50:24.176 INFO: Created TensorFlow Lite XNNPACK delegate for CPU.

8월 25, 2023 09:18:39.707 NEW SESSION
8월 25, 2023 09:18:39.707 INFO: Created TensorFlow Lite XNNPACK delegate for CPU.
8월 25, 2023 09:19:13.574 INFO: Created TensorFlow Lite XNNPACK delegate for CPU.
8월 25, 2023 09:22:41.861 INFO: Created TensorFlow Lite XNNPACK delegate for CPU.
8월 25, 2023 09:23:53.731 INFO: Created TensorFlow Lite XNNPACK delegate for CPU.
8월 25, 2023 09:24:42.781 INFO: Created TensorFlow Lite XNNPACK delegate for CPU.
8월 25, 2023 09:39:33.380 INFO: Created TensorFlow Lite XNNPACK delegate for CPU.
8월 25, 2023 10:15:37.718 INFO: Created TensorFlow Lite XNNPACK delegate for CPU.
8월 25, 2023 10:23:52.383 INFO: Created TensorFlow Lite XNNPACK delegate for CPU.
8월 25, 2023 10:23:59.375 INFO: Created TensorFlow Lite XNNPACK delegate for CPU.
8월 25, 2023 10:24:46.250 INFO: Created TensorFlow Lite XNNPACK delegate for CPU.
8월 25, 2023 10:26:22.555 INFO: Created TensorFlow Lite XNNPACK delegate for CPU.
8월 25, 2023 10:33:38.454 INFO: Created TensorFlow Lite XNNPACK delegate for CPU.
8월 25, 2023 10:38:28.141 INFO: Created TensorFlow Lite XNNPACK delegate for CPU.
8월 25, 2023 10:39:22.148 INFO: Created TensorFlow Lite XNNPACK delegate for CPU.
8월 25, 2023 10:42:47.527 INFO: Created TensorFlow Lite XNNPACK delegate for CPU.
8월 25, 2023 10:44:40.529 INFO: Created TensorFlow Lite XNNPACK delegate for CPU.
8월 25, 2023 10:49:26.276 INFO: Created TensorFlow Lite XNNPACK delegate for CPU.
8월 25, 2023 11:08:53.159 INFO: Created TensorFlow Lite XNNPACK delegate for CPU.
8월 25, 2023 11:21:33.135 INFO: Created TensorFlow Lite XNNPACK delegate for CPU.
8월 25, 2023 11:26:14.115 INFO: Created TensorFlow Lite XNNPACK delegate for CPU.
8월 25, 2023 11:31:03.193 INFO: Created TensorFlow Lite XNNPACK delegate for CPU.
8월 25, 2023 11:32:45.33 INFO: Created TensorFlow Lite XNNPACK delegate for CPU.
8월 25, 2023 11:52:35.166 INFO: Created TensorFlow Lite XNNPACK delegate for CPU.
8월 25, 2023 11:59:14.463 INFO: Created TensorFlow Lite XNNPACK delegate for CPU.
8월 25, 2023 12:10:26.175 INFO: Created TensorFlow Lite XNNPACK delegate for CPU.
8월 25, 2023 12:12:11.749 INFO: Created TensorFlow Lite XNNPACK delegate for CPU.
8월 25, 2023 12:12:19.76 INFO: Created TensorFlow Lite XNNPACK delegate for CPU.
8월 25, 2023 12:12:35.35 INFO: Created TensorFlow Lite XNNPACK delegate for CPU.
8월 25, 2023 12:34:53.505 INFO: Created TensorFlow Lite XNNPACK delegate for CPU.

8월 28, 2023 09:35:28.747 NEW SESSION
8월 28, 2023 09:35:28.749 INFO: Created TensorFlow Lite XNNPACK delegate for CPU.
8월 28, 2023 09:36:02.947 INFO: Created TensorFlow Lite XNNPACK delegate for CPU.
8월 28, 2023 09:39:53.561 INFO: Created TensorFlow Lite XNNPACK delegate for CPU.
8월 28, 2023 09:46:24.19 INFO: Created TensorFlow Lite XNNPACK delegate for CPU.
8월 28, 2023 09:47:06.780 INFO: Created TensorFlow Lite XNNPACK delegate for CPU.
8월 28, 2023 10:10:24.777 INFO: Created TensorFlow Lite XNNPACK delegate for CPU.
8월 28, 2023 10:10:37.448 INFO: Created TensorFlow Lite XNNPACK delegate for CPU.
8월 28, 2023 10:27:28.926 INFO: Created TensorFlow Lite XNNPACK delegate for CPU.
8월 28, 2023 10:40:13.26 INFO: Created TensorFlow Lite XNNPACK delegate for CPU.
8월 28, 2023 10:41:17.695 INFO: Created TensorFlow Lite XNNPACK delegate for CPU.
8월 28, 2023 11:09:10.704 INFO: Created TensorFlow Lite XNNPACK delegate for CPU.
8월 28, 2023 11:09:22.608 INFO: Created TensorFlow Lite XNNPACK delegate for CPU.
8월 28, 2023 11:25:38.19 INFO: Created TensorFlow Lite XNNPACK delegate for CPU.
8월 28, 2023 11:26:10.744 INFO: Created TensorFlow Lite XNNPACK delegate for CPU.
8월 28, 2023 11:31:31.93 INFO: Created TensorFlow Lite XNNPACK delegate for CPU.
8월 28, 2023 11:51:26.88 INFO: Created TensorFlow Lite XNNPACK delegate for CPU.
8월 28, 2023 12:04:31.740 INFO: Created TensorFlow Lite XNNPACK delegate for CPU.
8월 28, 2023 14:17:03.63 INFO: Created TensorFlow Lite XNNPACK delegate for CPU.
8월 28, 2023 14:17:56.867 INFO: Created TensorFlow Lite XNNPACK delegate for CPU.
8월 28, 2023 14:19:18.702 INFO: Created TensorFlow Lite XNNPACK delegate for CPU.
8월 28, 2023 14:19:40.468 INFO: Created TensorFlow Lite XNNPACK delegate for CPU.
8월 28, 2023 14:25:43.804 INFO: Created TensorFlow Lite XNNPACK delegate for CPU.
8월 28, 2023 14:28:14.537 INFO: Created TensorFlow Lite XNNPACK delegate for CPU.
8월 28, 2023 14:34:12.96 INFO: Created TensorFlow Lite XNNPACK delegate for CPU.
8월 28, 2023 14:35:20.416 INFO: Created TensorFlow Lite XNNPACK delegate for CPU.
8월 28, 2023 14:40:02.284 INFO: Created TensorFlow Lite XNNPACK delegate for CPU.
8월 28, 2023 14:40:59.37 INFO: Created TensorFlow Lite XNNPACK delegate for CPU.
8월 28, 2023 14:44:54.779 INFO: Created TensorFlow Lite XNNPACK delegate for CPU.
8월 28, 2023 14:49:12.599 INFO: Created TensorFlow Lite XNNPACK delegate for CPU.
8월 28, 2023 14:50:20.633 INFO: Created TensorFlow Lite XNNPACK delegate for CPU.
8월 28, 2023 14:53:57.208 INFO: Created TensorFlow Lite XNNPACK delegate for CPU.
8월 28, 2023 14:57:38.650 INFO: Created TensorFlow Lite XNNPACK delegate for CPU.
8월 28, 2023 14:59:52.213 INFO: Created TensorFlow Lite XNNPACK delegate for CPU.
8월 28, 2023 15:45:01.817 INFO: Created TensorFlow Lite XNNPACK delegate for CPU.
8월 28, 2023 15:50:01.852 INFO: Created TensorFlow Lite XNNPACK delegate for CPU.
8월 28, 2023 15:51:13.54 INFO: Created TensorFlow Lite XNNPACK delegate for CPU.
8월 28, 2023 15:52:21.717 INFO: Created TensorFlow Lite XNNPACK delegate for CPU.
8월 28, 2023 15:52:54.794 INFO: Created TensorFlow Lite XNNPACK delegate for CPU.
8월 28, 2023 15:53:02.403 INFO: Created TensorFlow Lite XNNPACK delegate for CPU.
8월 28, 2023 15:54:38.886 INFO: Created TensorFlow Lite XNNPACK delegate for CPU.
8월 28, 2023 15:55:38.943 INFO: Created TensorFlow Lite XNNPACK delegate for CPU.
8월 28, 2023 16:00:35.525 INFO: Created TensorFlow Lite XNNPACK delegate for CPU.
8월 28, 2023 16:01:05.675 INFO: Created TensorFlow Lite XNNPACK delegate for CPU.
8월 28, 2023 16:01:25.96 INFO: Created TensorFlow Lite XNNPACK delegate for CPU.
8월 28, 2023 16:02:30.482 INFO: Created TensorFlow Lite XNNPACK delegate for CPU.
8월 28, 2023 16:02:37.200 [11460:4780:0828/160237.200:ERROR:navigation_entry_remover.cc(221)] RemoveNavigationEntries(), deleted_rows count = 0, is_from_expiration = 0, deletion_reason = 1
8월 28, 2023 16:02:44.897 INFO: Created TensorFlow Lite XNNPACK delegate for CPU.
8월 28, 2023 16:04:13.86 INFO: Created TensorFlow Lite XNNPACK delegate for CPU.
8월 28, 2023 16:05:27.309 INFO: Created TensorFlow Lite XNNPACK delegate for CPU.
8월 28, 2023 16:35:59.290 INFO: Created TensorFlow Lite XNNPACK delegate for CPU.
8월 28, 2023 16:37:05.766 INFO: Created TensorFlow Lite XNNPACK delegate for CPU.
8월 28, 2023 16:37:53.71 INFO: Created TensorFlow Lite XNNPACK delegate for CPU.
8월 28, 2023 16:44:55.838 INFO: Created TensorFlow Lite XNNPACK delegate for CPU.
8월 28, 2023 16:45:30.603 INFO: Created TensorFlow Lite XNNPACK delegate for CPU.
8월 28, 2023 16:45:35.948 [5484:12960:0828/164535.947:ERROR:navigation_entry_remover.cc(221)] RemoveNavigationEntries(), deleted_rows count = 2, is_from_expiration = 0, deletion_reason = 1
8월 28, 2023 16:47:25.516 INFO: Created TensorFlow Lite XNNPACK delegate for CPU.
8월 28, 2023 16:48:19.777 INFO: Created TensorFlow Lite XNNPACK delegate for CPU.
8월 28, 2023 16:49:02.45 INFO: Created TensorFlow Lite XNNPACK delegate for CPU.
8월 28, 2023 16:49:42.687 INFO: Created TensorFlow Lite XNNPACK delegate for CPU.
8월 28, 2023 16:54:49.452 INFO: Created TensorFlow Lite XNNPACK delegate for CPU.
8월 28, 2023 16:56:07.955 INFO: Created TensorFlow Lite XNNPACK delegate for CPU.
8월 28, 2023 16:56:12.673 [8708:8536:0828/165612.673:ERROR:navigation_entry_remover.cc(221)] RemoveNavigationEntries(), deleted_rows count = 2, is_from_expiration = 0, deletion_reason = 1
8월 28, 2023 16:57:06.412 INFO: Created TensorFlow Lite XNNPACK delegate for CPU.
8월 28, 2023 16:57:52.714 INFO: Created TensorFlow Lite XNNPACK delegate for CPU.
8월 28, 2023 16:58:00.236 INFO: Created TensorFlow Lite XNNPACK delegate for CPU.
8월 28, 2023 16:59:42.112 INFO: Created TensorFlow Lite XNNPACK delegate for CPU.
8월 28, 2023 17:01:42.805 INFO: Created TensorFlow Lite XNNPACK delegate for CPU.
8월 28, 2023 17:02:36.485 INFO: Created TensorFlow Lite XNNPACK delegate for CPU.
8월 28, 2023 17:03:48.203 INFO: Created TensorFlow Lite XNNPACK delegate for CPU.
8월 28, 2023 17:05:08.107 [2432:8516:0828/170508.107:ERROR:navigation_entry_remover.cc(221)] RemoveNavigationEntries(), deleted_rows count = 6, is_from_expiration = 0, deletion_reason = 1
8월 28, 2023 17:06:20.480 INFO: Created TensorFlow Lite XNNPACK delegate for CPU.
8월 28, 2023 17:06:50.777 INFO: Created TensorFlow Lite XNNPACK delegate for CPU.
8월 28, 2023 17:06:59.285 INFO: Created TensorFlow Lite XNNPACK delegate for CPU.
8월 28, 2023 17:07:54.956 INFO: Created TensorFlow Lite XNNPACK delegate for CPU.
8월 28, 2023 17:09:50.08 INFO: Created TensorFlow Lite XNNPACK delegate for CPU.
8월 28, 2023 17:10:08.279 INFO: Created TensorFlow Lite XNNPACK delegate for CPU.
8월 28, 2023 17:10:15.467 INFO: Created TensorFlow Lite XNNPACK delegate for CPU.
8월 28, 2023 17:11:59.643 INFO: Created TensorFlow Lite XNNPACK delegate for CPU.
8월 28, 2023 17:13:31.574 INFO: Created TensorFlow Lite XNNPACK delegate for CPU.
8월 28, 2023 17:19:25.113 INFO: Created TensorFlow Lite XNNPACK delegate for CPU.
8월 28, 2023 17:19:54.847 [9604:11136:0828/171954.847:ERROR:navigation_entry_remover.cc(221)] RemoveNavigationEntries(), deleted_rows count = 3, is_from_expiration = 0, deletion_reason = 1
8월 28, 2023 17:20:04.491 INFO: Created TensorFlow Lite XNNPACK delegate for CPU.
8월 28, 2023 17:21:31.509 INFO: Created TensorFlow Lite XNNPACK delegate for CPU.
8월 28, 2023 17:22:02.59 [11620:11660:0828/172202.059:ERROR:navigation_entry_remover.cc(221)] RemoveNavigationEntries(), deleted_rows count = 1, is_from_expiration = 0, deletion_reason = 1
8월 28, 2023 17:22:10.951 INFO: Created TensorFlow Lite XNNPACK delegate for CPU.
8월 28, 2023 17:25:24.888 INFO: Created TensorFlow Lite XNNPACK delegate for CPU.
8월 28, 2023 17:34:33.889 INFO: Created TensorFlow Lite XNNPACK delegate for CPU.

8월 29, 2023 09:32:58.615 NEW SESSION
8월 29, 2023 09:32:58.615 INFO: Created TensorFlow Lite XNNPACK delegate for CPU.
8월 29, 2023 09:42:26.375 INFO: Created TensorFlow Lite XNNPACK delegate for CPU.
8월 29, 2023 09:45:28.350 INFO: Created TensorFlow Lite XNNPACK delegate for CPU.
8월 29, 2023 09:47:27.282 INFO: Created TensorFlow Lite XNNPACK delegate for CPU.
8월 29, 2023 09:47:49.837 INFO: Created TensorFlow Lite XNNPACK delegate for CPU.
8월 29, 2023 09:51:14.504 INFO: Created TensorFlow Lite XNNPACK delegate for CPU.
8월 29, 2023 09:51:42.493 INFO: Created TensorFlow Lite XNNPACK delegate for CPU.
8월 29, 2023 09:53:21.84 INFO: Created TensorFlow Lite XNNPACK delegate for CPU.
8월 29, 2023 10:17:02.295 INFO: Created TensorFlow Lite XNNPACK delegate for CPU.
8월 29, 2023 10:19:02.706 INFO: Created TensorFlow Lite XNNPACK delegate for CPU.
8월 29, 2023 10:19:31.715 INFO: Created TensorFlow Lite XNNPACK delegate for CPU.
8월 29, 2023 10:20:23.681 INFO: Created TensorFlow Lite XNNPACK delegate for CPU.
8월 29, 2023 10:23:07.741 INFO: Created TensorFlow Lite XNNPACK delegate for CPU.
8월 29, 2023 10:28:50.439 INFO: Created TensorFlow Lite XNNPACK delegate for CPU.
8월 29, 2023 10:31:22.914 INFO: Created TensorFlow Lite XNNPACK delegate for CPU.
8월 29, 2023 10:43:54.723 INFO: Created TensorFlow Lite XNNPACK delegate for CPU.
8월 29, 2023 11:00:46.57 INFO: Created TensorFlow Lite XNNPACK delegate for CPU.
8월 29, 2023 11:12:51.425 INFO: Created TensorFlow Lite XNNPACK delegate for CPU.
8월 29, 2023 11:14:02.87 INFO: Created TensorFlow Lite XNNPACK delegate for CPU.
8월 29, 2023 11:16:55.227 INFO: Created TensorFlow Lite XNNPACK delegate for CPU.
8월 29, 2023 11:25:13.227 INFO: Created TensorFlow Lite XNNPACK delegate for CPU.
8월 29, 2023 11:26:56.280 INFO: Created TensorFlow Lite XNNPACK delegate for CPU.
8월 29, 2023 11:40:39.612 INFO: Created TensorFlow Lite XNNPACK delegate for CPU.
8월 29, 2023 11:40:54.494 INFO: Created TensorFlow Lite XNNPACK delegate for CPU.
8월 29, 2023 11:44:30.518 INFO: Created TensorFlow Lite XNNPACK delegate for CPU.
8월 29, 2023 11:46:42.307 INFO: Created TensorFlow Lite XNNPACK delegate for CPU.
8월 29, 2023 11:47:10.135 INFO: Created TensorFlow Lite XNNPACK delegate for CPU.
8월 29, 2023 11:47:34.570 INFO: Created TensorFlow Lite XNNPACK delegate for CPU.
8월 29, 2023 11:49:48.927 INFO: Created TensorFlow Lite XNNPACK delegate for CPU.
8월 29, 2023 12:11:23.929 INFO: Created TensorFlow Lite XNNPACK delegate for CPU.
8월 29, 2023 12:12:27.789 INFO: Created TensorFlow Lite XNNPACK delegate for CPU.
8월 29, 2023 12:33:02.11 INFO: Created TensorFlow Lite XNNPACK delegate for CPU.
8월 29, 2023 14:27:54.868 INFO: Created TensorFlow Lite XNNPACK delegate for CPU.
8월 29, 2023 14:28:07.157 INFO: Created TensorFlow Lite XNNPACK delegate for CPU.
8월 29, 2023 14:28:30.936 INFO: Created TensorFlow Lite XNNPACK delegate for CPU.
8월 29, 2023 14:45:27.538 INFO: Created TensorFlow Lite XNNPACK delegate for CPU.
8월 29, 2023 14:45:30.669 [11564:5796:0829/144530.669:ERROR:navigation_entry_remover.cc(221)] RemoveNavigationEntries(), deleted_rows count = 3, is_from_expiration = 0, deletion_reason = 1
8월 29, 2023 14:45:51.811 INFO: Created TensorFlow Lite XNNPACK delegate for CPU.
8월 29, 2023 14:47:04.789 INFO: Created TensorFlow Lite XNNPACK delegate for CPU.
8월 29, 2023 14:48:07.706 INFO: Created TensorFlow Lite XNNPACK delegate for CPU.
8월 29, 2023 14:49:30.738 INFO: Created TensorFlow Lite XNNPACK delegate for CPU.
8월 29, 2023 15:19:08.261 INFO: Created TensorFlow Lite XNNPACK delegate for CPU.
8월 29, 2023 15:25:07.697 INFO: Created TensorFlow Lite XNNPACK delegate for CPU.
8월 29, 2023 15:26:12.414 INFO: Created TensorFlow Lite XNNPACK delegate for CPU.
8월 29, 2023 15:26:37.916 INFO: Created TensorFlow Lite XNNPACK delegate for CPU.
8월 29, 2023 15:29:43.210 INFO: Created TensorFlow Lite XNNPACK delegate for CPU.
8월 29, 2023 15:31:56.360 INFO: Created TensorFlow Lite XNNPACK delegate for CPU.
8월 29, 2023 15:32:58.224 INFO: Created TensorFlow Lite XNNPACK delegate for CPU.
8월 29, 2023 15:46:57.258 INFO: Created TensorFlow Lite XNNPACK delegate for CPU.
8월 29, 2023 16:16:48.752 INFO: Created TensorFlow Lite XNNPACK delegate for CPU.
8월 29, 2023 16:16:56.740 INFO: Created TensorFlow Lite XNNPACK delegate for CPU.
8월 29, 2023 16:18:25.561 INFO: Created TensorFlow Lite XNNPACK delegate for CPU.
8월 29, 2023 16:19:55.452 INFO: Created TensorFlow Lite XNNPACK delegate for CPU.
8월 29, 2023 16:20:53.230 INFO: Created TensorFlow Lite XNNPACK delegate for CPU.
8월 29, 2023 16:23:58.394 INFO: Created TensorFlow Lite XNNPACK delegate for CPU.
8월 29, 2023 16:37:37.153 INFO: Created TensorFlow Lite XNNPACK delegate for CPU.
8월 29, 2023 16:38:09.325 INFO: Created TensorFlow Lite XNNPACK delegate for CPU.
8월 29, 2023 16:38:14.174 INFO: Created TensorFlow Lite XNNPACK delegate for CPU.
8월 29, 2023 16:39:28.91 INFO: Created TensorFlow Lite XNNPACK delegate for CPU.
8월 29, 2023 16:39:44.507 INFO: Created TensorFlow Lite XNNPACK delegate for CPU.
8월 29, 2023 16:40:33.94 INFO: Created TensorFlow Lite XNNPACK delegate for CPU.
8월 29, 2023 16:41:46.671 INFO: Created TensorFlow Lite XNNPACK delegate for CPU.
8월 29, 2023 17:00:08.810 INFO: Created TensorFlow Lite XNNPACK delegate for CPU.
8월 29, 2023 17:04:21.60 INFO: Created TensorFlow Lite XNNPACK delegate for CPU.
8월 29, 2023 17:06:17.511 INFO: Created TensorFlow Lite XNNPACK delegate for CPU.
8월 29, 2023 17:06:35.34 INFO: Created TensorFlow Lite XNNPACK delegate for CPU.
8월 29, 2023 17:07:22.112 INFO: Created TensorFlow Lite XNNPACK delegate for CPU.
8월 29, 2023 17:08:47.382 INFO: Created TensorFlow Lite XNNPACK delegate for CPU.
8월 29, 2023 17:20:31.473 INFO: Created TensorFlow Lite XNNPACK delegate for CPU.
8월 29, 2023 17:32:55.569 INFO: Created TensorFlow Lite XNNPACK delegate for CPU.
8월 29, 2023 17:46:35.769 INFO: Created TensorFlow Lite XNNPACK delegate for CPU.

8월 30, 2023 09:16:11.349 NEW SESSION
8월 30, 2023 09:16:11.349 INFO: Created TensorFlow Lite XNNPACK delegate for CPU.
8월 30, 2023 09:17:25.864 INFO: Created TensorFlow Lite XNNPACK delegate for CPU.
8월 30, 2023 09:18:20.153 INFO: Created TensorFlow Lite XNNPACK delegate for CPU.
8월 30, 2023 09:30:57.12 INFO: Created TensorFlow Lite XNNPACK delegate for CPU.

8월 30, 2023 15:58:10.607 NEW SESSION
8월 30, 2023 15:58:10.607 INFO: Created TensorFlow Lite XNNPACK delegate for CPU.
8월 30, 2023 19:15:58.890 INFO: Created TensorFlow Lite XNNPACK delegate for CPU.

8월 31, 2023 09:11:38.974 NEW SESSION
8월 31, 2023 09:11:38.974 INFO: Created TensorFlow Lite XNNPACK delegate for CPU.
8월 31, 2023 09:13:48.191 INFO: Created TensorFlow Lite XNNPACK delegate for CPU.
8월 31, 2023 09:21:21.126 [992:8252:0831/092121.126:ERROR:interface_endpoint_client.cc(702)] Message 1 rejected by interface blink.mojom.WidgetHost
8월 31, 2023 09:21:21.127 [992:8252:0831/092121.126:ERROR:interface_endpoint_client.cc(702)] Message 1 rejected by interface blink.mojom.WidgetHost
8월 31, 2023 10:52:36.122 [992:8252:0831/105236.122:ERROR:device_event_log_impl.cc(222)] [10:52:36.123] USB: usb_service_win.cc:104 SetupDiGetDeviceProperty({{A45C254E-DF1C-4EFD-8020-67D146A850E0}, 6}) failed: 요소가 없습니다. (0x490)
8월 31, 2023 10:52:36.124 [992:8252:0831/105236.124:ERROR:device_event_log_impl.cc(222)] [10:52:36.125] USB: usb_service_win.cc:307 SetupDiEnumDeviceInterfaces: 사용 가능한 데이터가 없습니다. (0x103)
8월 31, 2023 10:58:24.149 [992:11844:0831/105824.149:ERROR:connection_factory_impl.cc(428)] Failed to connect to MCS endpoint with error -106
8월 31, 2023 10:58:52.876 [992:11844:0831/105852.876:ERROR:connection_factory_impl.cc(428)] Failed to connect to MCS endpoint with error -106
8월 31, 2023 10:59:24.363 [992:11844:0831/105924.363:ERROR:connection_factory_impl.cc(428)] Failed to connect to MCS endpoint with error -105
8월 31, 2023 10:59:26.383 [992:11844:0831/105926.383:ERROR:connection_factory_impl.cc(428)] Failed to connect to MCS endpoint with error -105
8월 31, 2023 10:59:38.31 [992:11844:0831/105938.031:ERROR:connection_factory_impl.cc(428)] Failed to connect to MCS endpoint with error -105
8월 31, 2023 11:03:20.00 [992:11844:0831/110320.000:ERROR:connection_factory_impl.cc(428)] Failed to connect to MCS endpoint with error -105
8월 31, 2023 11:03:35.125 [992:11844:0831/110335.125:ERROR:connection_factory_impl.cc(428)] Failed to connect to MCS endpoint with error -105
8월 31, 2023 11:21:50.417 [992:11844:0831/112150.416:ERROR:connection_factory_impl.cc(471)] ConnectionHandler failed with net error: -2
8월 31, 2023 11:21:56.504 [992:11844:0831/112156.504:ERROR:connection_factory_impl.cc(428)] Failed to connect to MCS endpoint with error -105
8월 31, 2023 11:22:24.555 [992:11844:0831/112224.555:ERROR:connection_factory_impl.cc(428)] Failed to connect to MCS endpoint with error -105
8월 31, 2023 11:23:18.165 [992:11844:0831/112318.164:ERROR:connection_factory_impl.cc(428)] Failed to connect to MCS endpoint with error -105
8월 31, 2023 11:38:11.281 [15636:15928:0831/113811.280:ERROR:interface_endpoint_client.cc(702)] Message 0 rejected by interface blink.mojom.WidgetHost
8월 31, 2023 11:38:14.77 INFO: Created TensorFlow Lite XNNPACK delegate for CPU.
8월 31, 2023 11:38:19.818 [15636:10832:0831/113819.818:ERROR:connection_factory_impl.cc(428)] Failed to connect to MCS endpoint with error -105
8월 31, 2023 11:56:06.666 INFO: Created TensorFlow Lite XNNPACK delegate for CPU.
8월 31, 2023 11:56:12.362 [16156:16016:0831/115612.362:ERROR:connection_factory_impl.cc(428)] Failed to connect to MCS endpoint with error -105
8월 31, 2023 11:57:13.715 INFO: Created TensorFlow Lite XNNPACK delegate for CPU.
8월 31, 2023 11:57:19.433 [6372:11512:0831/115719.433:ERROR:connection_factory_impl.cc(428)] Failed to connect to MCS endpoint with error -105
8월 31, 2023 11:57:50.577 INFO: Created TensorFlow Lite XNNPACK delegate for CPU.
8월 31, 2023 11:57:56.176 [5200:1360:0831/115756.176:ERROR:connection_factory_impl.cc(428)] Failed to connect to MCS endpoint with error -105
8월 31, 2023 12:00:33.177 INFO: Created TensorFlow Lite XNNPACK delegate for CPU.
8월 31, 2023 12:00:38.885 [9520:2444:0831/120038.885:ERROR:connection_factory_impl.cc(428)] Failed to connect to MCS endpoint with error -105
8월 31, 2023 12:01:06.322 [9520:2444:0831/120106.321:ERROR:connection_factory_impl.cc(428)] Failed to connect to MCS endpoint with error -105
8월 31, 2023 12:02:04.72 [9520:2444:0831/120204.071:ERROR:connection_factory_impl.cc(428)] Failed to connect to MCS endpoint with error -105
8월 31, 2023 12:03:49.577 [9520:2444:0831/120349.576:ERROR:connection_factory_impl.cc(428)] Failed to connect to MCS endpoint with error -105
8월 31, 2023 12:07:55.271 [9520:2444:0831/120755.271:ERROR:connection_factory_impl.cc(428)] Failed to connect to MCS endpoint with error -105
8월 31, 2023 12:12:30.906 INFO: Created TensorFlow Lite XNNPACK delegate for CPU.
8월 31, 2023 12:12:36.266 [15060:4396:0831/121236.266:ERROR:connection_factory_impl.cc(428)] Failed to connect to MCS endpoint with error -105
8월 31, 2023 12:13:07.268 [15060:4396:0831/121307.267:ERROR:connection_factory_impl.cc(428)] Failed to connect to MCS endpoint with error -105
8월 31, 2023 12:14:06.145 [15060:4396:0831/121406.145:ERROR:connection_factory_impl.cc(428)] Failed to connect to MCS endpoint with error -105
8월 31, 2023 12:16:05.947 INFO: Created TensorFlow Lite XNNPACK delegate for CPU.
8월 31, 2023 12:16:11.633 [15668:13176:0831/121611.633:ERROR:connection_factory_impl.cc(428)] Failed to connect to MCS endpoint with error -105
8월 31, 2023 12:16:44.895 [15668:13176:0831/121644.894:ERROR:connection_factory_impl.cc(428)] Failed to connect to MCS endpoint with error -105
8월 31, 2023 12:17:43.920 [15668:13176:0831/121743.920:ERROR:connection_factory_impl.cc(428)] Failed to connect to MCS endpoint with error -105
8월 31, 2023 12:24:24.541 INFO: Created TensorFlow Lite XNNPACK delegate for CPU.
8월 31, 2023 12:24:30.104 [10224:1196:0831/122430.104:ERROR:connection_factory_impl.cc(428)] Failed to connect to MCS endpoint with error -105
8월 31, 2023 12:25:05.773 [10224:1196:0831/122505.773:ERROR:connection_factory_impl.cc(428)] Failed to connect to MCS endpoint with error -105
8월 31, 2023 12:25:54.415 [10224:1196:0831/122554.415:ERROR:connection_factory_impl.cc(428)] Failed to connect to MCS endpoint with error -105
8월 31, 2023 12:26:05.629 [10224:1196:0831/122605.628:ERROR:connection_factory_impl.cc(428)] Failed to connect to MCS endpoint with error -105
8월 31, 2023 12:36:06.596 INFO: Created TensorFlow Lite XNNPACK delegate for CPU.
8월 31, 2023 12:37:13.19 INFO: Created TensorFlow Lite XNNPACK delegate for CPU.
8월 31, 2023 12:37:36.436 INFO: Created TensorFlow Lite XNNPACK delegate for CPU.
8월 31, 2023 12:37:56.700 INFO: Created TensorFlow Lite XNNPACK delegate for CPU.
8월 31, 2023 12:38:49.755 INFO: Created TensorFlow Lite XNNPACK delegate for CPU.
8월 31, 2023 12:39:32.935 INFO: Created TensorFlow Lite XNNPACK delegate for CPU.
8월 31, 2023 12:40:06.721 INFO: Created TensorFlow Lite XNNPACK delegate for CPU.
8월 31, 2023 12:40:41.491 INFO: Created TensorFlow Lite XNNPACK delegate for CPU.
8월 31, 2023 12:42:01.108 INFO: Created TensorFlow Lite XNNPACK delegate for CPU.
8월 31, 2023 12:44:12.187 INFO: Created TensorFlow Lite XNNPACK delegate for CPU.
8월 31, 2023 14:14:26.06 INFO: Created TensorFlow Lite XNNPACK delegate for CPU.
8월 31, 2023 14:14:38.196 INFO: Created TensorFlow Lite XNNPACK delegate for CPU.
8월 31, 2023 14:54:29.293 INFO: Created TensorFlow Lite XNNPACK delegate for CPU.
8월 31, 2023 15:22:33.755 INFO: Created TensorFlow Lite XNNPACK delegate for CPU.
8월 31, 2023 15:22:49.844 INFO: Created TensorFlow Lite XNNPACK delegate for CPU.
8월 31, 2023 15:47:49.757 INFO: Created TensorFlow Lite XNNPACK delegate for CPU.
8월 31, 2023 15:48:28.358 INFO: Created TensorFlow Lite XNNPACK delegate for CPU.
8월 31, 2023 16:04:16.550 INFO: Created TensorFlow Lite XNNPACK delegate for CPU.
8월 31, 2023 16:04:18.344 [11868:9080:0831/160418.344:ERROR:get_updates_processor.cc(261)] PostClientToServerMessage() failed during GetUpdates with error 2
8월 31, 2023 16:43:29.89 INFO: Created TensorFlow Lite XNNPACK delegate for CPU.
8월 31, 2023 16:45:23.855 INFO: Created TensorFlow Lite XNNPACK delegate for CPU.
8월 31, 2023 17:12:11.47 INFO: Created TensorFlow Lite XNNPACK delegate for CPU.
8월 31, 2023 17:42:04.40 INFO: Created TensorFlow Lite XNNPACK delegate for CPU.
8월 31, 2023 17:42:36.708 INFO: Created TensorFlow Lite XNNPACK delegate for CPU.
8월 31, 2023 17:44:56.665 INFO: Created TensorFlow Lite XNNPACK delegate for CPU.

9월 01, 2023 09:21:21.617 NEW SESSION
9월 01, 2023 09:21:21.617 [7564:6224:0901/092121.616:ERROR:get_updates_processor.cc(261)] PostClientToServerMessage() failed during GetUpdates with error 2
9월 01, 2023 09:26:58.488 [11644:9360:0901/092658.488:ERROR:get_updates_processor.cc(261)] PostClientToServerMessage() failed during GetUpdates with error 2
9월 01, 2023 10:40:21.531 INFO: Created TensorFlow Lite XNNPACK delegate for CPU.
9월 01, 2023 12:21:15.253 INFO: Created TensorFlow Lite XNNPACK delegate for CPU.
9월 01, 2023 12:46:40.423 INFO: Created TensorFlow Lite XNNPACK delegate for CPU.
9월 01, 2023 14:24:37.921 INFO: Created TensorFlow Lite XNNPACK delegate for CPU.
9월 01, 2023 14:46:58.578 INFO: Created TensorFlow Lite XNNPACK delegate for CPU.

9월 05, 2023 09:27:13.273 NEW SESSION
9월 05, 2023 09:27:13.273 INFO: Created TensorFlow Lite XNNPACK delegate for CPU.
9월 05, 2023 09:51:48.175 INFO: Created TensorFlow Lite XNNPACK delegate for CPU.
9월 05, 2023 10:20:22.870 INFO: Created TensorFlow Lite XNNPACK delegate for CPU.
9월 05, 2023 10:21:28.961 INFO: Created TensorFlow Lite XNNPACK delegate for CPU.
9월 05, 2023 10:24:07.672 INFO: Created TensorFlow Lite XNNPACK delegate for CPU.
9월 05, 2023 10:24:55.672 INFO: Created TensorFlow Lite XNNPACK delegate for CPU.
9월 05, 2023 10:26:30.998 INFO: Created TensorFlow Lite XNNPACK delegate for CPU.
9월 05, 2023 10:28:58.635 INFO: Created TensorFlow Lite XNNPACK delegate for CPU.
9월 05, 2023 10:30:34.381 INFO: Created TensorFlow Lite XNNPACK delegate for CPU.
9월 05, 2023 10:43:46.847 INFO: Created TensorFlow Lite XNNPACK delegate for CPU.
9월 05, 2023 10:46:20.503 INFO: Created TensorFlow Lite XNNPACK delegate for CPU.
9월 05, 2023 10:46:56.221 INFO: Created TensorFlow Lite XNNPACK delegate for CPU.
9월 05, 2023 11:04:03.112 INFO: Created TensorFlow Lite XNNPACK delegate for CPU.
9월 05, 2023 11:25:54.638 INFO: Created TensorFlow Lite XNNPACK delegate for CPU.
9월 05, 2023 11:27:29.480 INFO: Created TensorFlow Lite XNNPACK delegate for CPU.
9월 05, 2023 11:27:51.670 INFO: Created TensorFlow Lite XNNPACK delegate for CPU.
9월 05, 2023 11:28:12.535 INFO: Created TensorFlow Lite XNNPACK delegate for CPU.
9월 05, 2023 11:29:31.21 INFO: Created TensorFlow Lite XNNPACK delegate for CPU.
9월 05, 2023 11:56:28.805 INFO: Created TensorFlow Lite XNNPACK delegate for CPU.
9월 05, 2023 12:13:07.923 INFO: Created TensorFlow Lite XNNPACK delegate for CPU.
9월 05, 2023 12:30:25.960 INFO: Created TensorFlow Lite XNNPACK delegate for CPU.
9월 05, 2023 12:31:44.791 INFO: Created TensorFlow Lite XNNPACK delegate for CPU.
9월 05, 2023 12:40:20.692 INFO: Created TensorFlow Lite XNNPACK delegate for CPU.

9월 06, 2023 10:10:48.255 NEW SESSION
9월 06, 2023 10:10:48.255 INFO: Created TensorFlow Lite XNNPACK delegate for CPU.
9월 06, 2023 10:25:03.457 INFO: Created TensorFlow Lite XNNPACK delegate for CPU.
9월 06, 2023 10:28:07.412 INFO: Created TensorFlow Lite XNNPACK delegate for CPU.
9월 06, 2023 10:35:22.980 INFO: Created TensorFlow Lite XNNPACK delegate for CPU.
9월 06, 2023 10:37:57.731 INFO: Created TensorFlow Lite XNNPACK delegate for CPU.
9월 06, 2023 10:39:48.527 INFO: Created TensorFlow Lite XNNPACK delegate for CPU.
9월 06, 2023 10:41:04.31 INFO: Created TensorFlow Lite XNNPACK delegate for CPU.
9월 06, 2023 10:45:47.719 INFO: Created TensorFlow Lite XNNPACK delegate for CPU.
9월 06, 2023 11:16:21.925 INFO: Created TensorFlow Lite XNNPACK delegate for CPU.
9월 06, 2023 11:24:27.733 INFO: Created TensorFlow Lite XNNPACK delegate for CPU.
9월 06, 2023 11:26:47.360 INFO: Created TensorFlow Lite XNNPACK delegate for CPU.
9월 06, 2023 11:28:49.574 INFO: Created TensorFlow Lite XNNPACK delegate for CPU.
9월 06, 2023 11:32:22.306 INFO: Created TensorFlow Lite XNNPACK delegate for CPU.
9월 06, 2023 11:33:57.533 INFO: Created TensorFlow Lite XNNPACK delegate for CPU.
9월 06, 2023 11:37:27.706 INFO: Created TensorFlow Lite XNNPACK delegate for CPU.
9월 06, 2023 11:44:34.379 INFO: Created TensorFlow Lite XNNPACK delegate for CPU.
9월 06, 2023 11:44:48.909 INFO: Created TensorFlow Lite XNNPACK delegate for CPU.
9월 06, 2023 11:44:57.569 INFO: Created TensorFlow Lite XNNPACK delegate for CPU.
9월 06, 2023 12:02:27.524 INFO: Created TensorFlow Lite XNNPACK delegate for CPU.
9월 06, 2023 12:02:45.424 INFO: Created TensorFlow Lite XNNPACK delegate for CPU.
9월 06, 2023 12:18:37.444 INFO: Created TensorFlow Lite XNNPACK delegate for CPU.
9월 06, 2023 12:31:42.517 INFO: Created TensorFlow Lite XNNPACK delegate for CPU.
9월 06, 2023 12:32:02.23 INFO: Created TensorFlow Lite XNNPACK delegate for CPU.
9월 06, 2023 12:35:51.454 INFO: Created TensorFlow Lite XNNPACK delegate for CPU.
9월 06, 2023 12:39:23.233 INFO: Created TensorFlow Lite XNNPACK delegate for CPU.

9월 07, 2023 09:38:58.00 NEW SESSION
9월 07, 2023 09:38:58.00 INFO: Created TensorFlow Lite XNNPACK delegate for CPU.
9월 07, 2023 11:31:34.215 INFO: Created TensorFlow Lite XNNPACK delegate for CPU.
9월 07, 2023 11:31:47.417 INFO: Created TensorFlow Lite XNNPACK delegate for CPU.
9월 07, 2023 11:34:09.633 INFO: Created TensorFlow Lite XNNPACK delegate for CPU.
9월 07, 2023 11:35:06.869 INFO: Created TensorFlow Lite XNNPACK delegate for CPU.
9월 07, 2023 11:36:52.553 INFO: Created TensorFlow Lite XNNPACK delegate for CPU.
9월 07, 2023 11:38:05.588 INFO: Created TensorFlow Lite XNNPACK delegate for CPU.
9월 07, 2023 11:39:05.658 INFO: Created TensorFlow Lite XNNPACK delegate for CPU.
9월 07, 2023 11:40:47.343 INFO: Created TensorFlow Lite XNNPACK delegate for CPU.
9월 07, 2023 11:41:22.923 INFO: Created TensorFlow Lite XNNPACK delegate for CPU.

9월 07, 2023 11:44:27.149 NEW SESSION
9월 07, 2023 11:44:27.149 INFO: Created TensorFlow Lite XNNPACK delegate for CPU.
9월 07, 2023 11:48:39.421 INFO: Created TensorFlow Lite XNNPACK delegate for CPU.
9월 07, 2023 12:16:27.35 INFO: Created TensorFlow Lite XNNPACK delegate for CPU.
9월 07, 2023 12:16:39.159 INFO: Created TensorFlow Lite XNNPACK delegate for CPU.
9월 07, 2023 12:18:56.174 INFO: Created TensorFlow Lite XNNPACK delegate for CPU.
9월 07, 2023 12:19:32.268 INFO: Created TensorFlow Lite XNNPACK delegate for CPU.
9월 07, 2023 12:34:14.354 INFO: Created TensorFlow Lite XNNPACK delegate for CPU.
9월 07, 2023 12:35:20.701 INFO: Created TensorFlow Lite XNNPACK delegate for CPU.
9월 07, 2023 12:38:31.819 INFO: Created TensorFlow Lite XNNPACK delegate for CPU.

9월 08, 2023 09:19:32.221 NEW SESSION
9월 08, 2023 09:19:32.221 INFO: Created TensorFlow Lite XNNPACK delegate for CPU.
9월 08, 2023 09:31:39.639 INFO: Created TensorFlow Lite XNNPACK delegate for CPU.
9월 08, 2023 09:45:30.732 INFO: Created TensorFlow Lite XNNPACK delegate for CPU.
9월 08, 2023 09:47:56.08 INFO: Created TensorFlow Lite XNNPACK delegate for CPU.
9월 08, 2023 10:09:12.115 INFO: Created TensorFlow Lite XNNPACK delegate for CPU.
9월 08, 2023 10:26:04.478 INFO: Created TensorFlow Lite XNNPACK delegate for CPU.
9월 08, 2023 10:28:21.982 INFO: Created TensorFlow Lite XNNPACK delegate for CPU.
9월 08, 2023 10:35:56.163 INFO: Created TensorFlow Lite XNNPACK delegate for CPU.
9월 08, 2023 10:40:08.990 INFO: Created TensorFlow Lite XNNPACK delegate for CPU.
9월 08, 2023 10:46:45.633 INFO: Created TensorFlow Lite XNNPACK delegate for CPU.
9월 08, 2023 11:08:27.35 INFO: Created TensorFlow Lite XNNPACK delegate for CPU.
9월 08, 2023 11:09:03.734 INFO: Created TensorFlow Lite XNNPACK delegate for CPU.
9월 08, 2023 11:19:38.985 INFO: Created TensorFlow Lite XNNPACK delegate for CPU.
9월 08, 2023 11:21:43.232 INFO: Created TensorFlow Lite XNNPACK delegate for CPU.
9월 08, 2023 11:33:17.852 INFO: Created TensorFlow Lite XNNPACK delegate for CPU.
9월 08, 2023 11:38:13.37 INFO: Created TensorFlow Lite XNNPACK delegate for CPU.
9월 08, 2023 11:38:53.454 기존 브라우저 세션에서 여는 중입니다.
9월 08, 2023 11:38:55.782 INFO: Created TensorFlow Lite XNNPACK delegate for CPU.
9월 08, 2023 12:32:35.447 INFO: Created TensorFlow Lite XNNPACK delegate for CPU.
9월 08, 2023 12:32:53.683 INFO: Created TensorFlow Lite XNNPACK delegate for CPU.
9월 08, 2023 12:39:10.982 INFO: Created TensorFlow Lite XNNPACK delegate for CPU.
9월 08, 2023 12:41:26.680 INFO: Created TensorFlow Lite XNNPACK delegate for CPU.
9월 08, 2023 12:42:09.02 INFO: Created TensorFlow Lite XNNPACK delegate for CPU.
9월 08, 2023 14:36:15.817 INFO: Created TensorFlow Lite XNNPACK delegate for CPU.
9월 08, 2023 14:38:37.365 INFO: Created TensorFlow Lite XNNPACK delegate for CPU.
9월 08, 2023 14:39:39.488 INFO: Created TensorFlow Lite XNNPACK delegate for CPU.
9월 08, 2023 14:42:44.782 INFO: Created TensorFlow Lite XNNPACK delegate for CPU.
9월 08, 2023 14:50:10.455 INFO: Created TensorFlow Lite XNNPACK delegate for CPU.
9월 08, 2023 14:50:36.781 INFO: Created TensorFlow Lite XNNPACK delegate for CPU.
9월 08, 2023 14:54:21.550 INFO: Created TensorFlow Lite XNNPACK delegate for CPU.
9월 08, 2023 14:59:19.402 INFO: Created TensorFlow Lite XNNPACK delegate for CPU.
9월 08, 2023 15:11:26.550 INFO: Created TensorFlow Lite XNNPACK delegate for CPU.
9월 08, 2023 15:12:24.337 INFO: Created TensorFlow Lite XNNPACK delegate for CPU.
9월 08, 2023 15:13:28.682 INFO: Created TensorFlow Lite XNNPACK delegate for CPU.
9월 08, 2023 15:14:28.404 INFO: Created TensorFlow Lite XNNPACK delegate for CPU.
9월 08, 2023 15:16:15.982 INFO: Created TensorFlow Lite XNNPACK delegate for CPU.
9월 08, 2023 15:16:37.625 INFO: Created TensorFlow Lite XNNPACK delegate for CPU.
9월 08, 2023 15:17:19.879 INFO: Created TensorFlow Lite XNNPACK delegate for CPU.
9월 08, 2023 15:17:39.154 INFO: Created TensorFlow Lite XNNPACK delegate for CPU.
9월 08, 2023 15:28:44.443 INFO: Created TensorFlow Lite XNNPACK delegate for CPU.
9월 08, 2023 15:56:34.886 INFO: Created TensorFlow Lite XNNPACK delegate for CPU.
9월 08, 2023 15:57:49.370 INFO: Created TensorFlow Lite XNNPACK delegate for CPU.
9월 08, 2023 15:58:19.451 INFO: Created TensorFlow Lite XNNPACK delegate for CPU.
9월 08, 2023 15:58:49.19 INFO: Created TensorFlow Lite XNNPACK delegate for CPU.
9월 08, 2023 16:01:10.166 INFO: Created TensorFlow Lite XNNPACK delegate for CPU.
9월 08, 2023 16:01:48.705 INFO: Created TensorFlow Lite XNNPACK delegate for CPU.
9월 08, 2023 16:03:08.139 INFO: Created TensorFlow Lite XNNPACK delegate for CPU.
9월 08, 2023 16:13:05.254 INFO: Created TensorFlow Lite XNNPACK delegate for CPU.
9월 08, 2023 16:19:03.656 INFO: Created TensorFlow Lite XNNPACK delegate for CPU.
9월 08, 2023 16:24:53.370 INFO: Created TensorFlow Lite XNNPACK delegate for CPU.
9월 08, 2023 17:20:02.572 INFO: Created TensorFlow Lite XNNPACK delegate for CPU.

9월 11, 2023 10:29:59.176 NEW SESSION
9월 11, 2023 10:29:59.176 INFO: Created TensorFlow Lite XNNPACK delegate for CPU.
9월 11, 2023 10:31:50.131 INFO: Created TensorFlow Lite XNNPACK delegate for CPU.
9월 11, 2023 10:32:41.916 INFO: Created TensorFlow Lite XNNPACK delegate for CPU.
9월 11, 2023 10:33:44.573 INFO: Created TensorFlow Lite XNNPACK delegate for CPU.
9월 11, 2023 10:34:32.999 INFO: Created TensorFlow Lite XNNPACK delegate for CPU.
9월 11, 2023 10:35:02.980 INFO: Created TensorFlow Lite XNNPACK delegate for CPU.
9월 11, 2023 10:36:11.563 INFO: Created TensorFlow Lite XNNPACK delegate for CPU.
9월 11, 2023 10:38:39.906 INFO: Created TensorFlow Lite XNNPACK delegate for CPU.
9월 11, 2023 10:39:45.590 INFO: Created TensorFlow Lite XNNPACK delegate for CPU.
9월 11, 2023 11:23:37.546 INFO: Created TensorFlow Lite XNNPACK delegate for CPU.
9월 11, 2023 11:24:22.241 INFO: Created TensorFlow Lite XNNPACK delegate for CPU.
9월 11, 2023 11:25:50.859 INFO: Created TensorFlow Lite XNNPACK delegate for CPU.
9월 11, 2023 11:26:25.670 INFO: Created TensorFlow Lite XNNPACK delegate for CPU.
9월 11, 2023 11:29:46.207 INFO: Created TensorFlow Lite XNNPACK delegate for CPU.
9월 11, 2023 11:44:24.803 INFO: Created TensorFlow Lite XNNPACK delegate for CPU.
9월 11, 2023 12:51:53.170 INFO: Created TensorFlow Lite XNNPACK delegate for CPU.

9월 12, 2023 10:06:10.23 NEW SESSION
9월 12, 2023 10:06:10.23 INFO: Created TensorFlow Lite XNNPACK delegate for CPU.
9월 12, 2023 10:20:47.879 INFO: Created TensorFlow Lite XNNPACK delegate for CPU.
9월 12, 2023 10:25:16.662 INFO: Created TensorFlow Lite XNNPACK delegate for CPU.
9월 12, 2023 10:34:46.700 [11208:15776:0912/103446.699:ERROR:interface_endpoint_client.cc(702)] Message 0 rejected by interface blink.mojom.WidgetHost
9월 12, 2023 10:36:10.620 INFO: Created TensorFlow Lite XNNPACK delegate for CPU.
9월 12, 2023 10:44:26.343 INFO: Created TensorFlow Lite XNNPACK delegate for CPU.

9월 13, 2023 09:46:15.591 NEW SESSION
9월 13, 2023 09:46:15.591 INFO: Created TensorFlow Lite XNNPACK delegate for CPU.
9월 13, 2023 09:46:34.892 INFO: Created TensorFlow Lite XNNPACK delegate for CPU.
9월 13, 2023 09:47:04.651 INFO: Created TensorFlow Lite XNNPACK delegate for CPU.
9월 13, 2023 10:01:07.428 INFO: Created TensorFlow Lite XNNPACK delegate for CPU.
9월 13, 2023 10:12:07.65 INFO: Created TensorFlow Lite XNNPACK delegate for CPU.
9월 13, 2023 10:12:18.692 [3320:5888:0913/101218.691:ERROR:interface_endpoint_client.cc(702)] Message 0 rejected by interface blink.mojom.WidgetHost
9월 13, 2023 10:16:20.923 [9408:9168:0913/101620.923:ERROR:interface_endpoint_client.cc(702)] Message 0 rejected by interface blink.mojom.WidgetHost

9월 14, 2023 09:56:48.433 NEW SESSION
9월 14, 2023 09:56:48.433 INFO: Created TensorFlow Lite XNNPACK delegate for CPU.
9월 14, 2023 09:59:05.776 INFO: Created TensorFlow Lite XNNPACK delegate for CPU.
9월 14, 2023 10:03:14.532 INFO: Created TensorFlow Lite XNNPACK delegate for CPU.
9월 14, 2023 10:07:03.498 INFO: Created TensorFlow Lite XNNPACK delegate for CPU.
9월 14, 2023 10:07:21.771 INFO: Created TensorFlow Lite XNNPACK delegate for CPU.
